&&&& RUNNING TensorRT.trtexec [TensorRT v100300] # trtexec --onnx=yolov8n.onnx --saveEngine=yolov8n_fp16.plan --fp16 --dumpProfile
[01/26/2026-00:05:13] [I] === Model Options ===
[01/26/2026-00:05:13] [I] Format: ONNX
[01/26/2026-00:05:13] [I] Model: yolov8n.onnx
[01/26/2026-00:05:13] [I] Output:
[01/26/2026-00:05:13] [I] === Build Options ===
[01/26/2026-00:05:13] [I] Memory Pools: workspace: default, dlaSRAM: default, dlaLocalDRAM: default, dlaGlobalDRAM: default, tacticSharedMem: default
[01/26/2026-00:05:13] [I] avgTiming: 8
[01/26/2026-00:05:13] [I] Precision: FP32+FP16
[01/26/2026-00:05:13] [I] LayerPrecisions: 
[01/26/2026-00:05:13] [I] Layer Device Types: 
[01/26/2026-00:05:13] [I] Calibration: 
[01/26/2026-00:05:13] [I] Refit: Disabled
[01/26/2026-00:05:13] [I] Strip weights: Disabled
[01/26/2026-00:05:13] [I] Version Compatible: Disabled
[01/26/2026-00:05:13] [I] ONNX Plugin InstanceNorm: Disabled
[01/26/2026-00:05:13] [I] TensorRT runtime: full
[01/26/2026-00:05:13] [I] Lean DLL Path: 
[01/26/2026-00:05:13] [I] Tempfile Controls: { in_memory: allow, temporary: allow }
[01/26/2026-00:05:13] [I] Exclude Lean Runtime: Disabled
[01/26/2026-00:05:13] [I] Sparsity: Disabled
[01/26/2026-00:05:13] [I] Safe mode: Disabled
[01/26/2026-00:05:13] [I] Build DLA standalone loadable: Disabled
[01/26/2026-00:05:13] [I] Allow GPU fallback for DLA: Disabled
[01/26/2026-00:05:13] [I] DirectIO mode: Disabled
[01/26/2026-00:05:13] [I] Restricted mode: Disabled
[01/26/2026-00:05:13] [I] Skip inference: Disabled
[01/26/2026-00:05:13] [I] Save engine: yolov8n_fp16.plan
[01/26/2026-00:05:13] [I] Load engine: 
[01/26/2026-00:05:13] [I] Profiling verbosity: 0
[01/26/2026-00:05:13] [I] Tactic sources: Using default tactic sources
[01/26/2026-00:05:13] [I] timingCacheMode: local
[01/26/2026-00:05:13] [I] timingCacheFile: 
[01/26/2026-00:05:13] [I] Enable Compilation Cache: Enabled
[01/26/2026-00:05:13] [I] errorOnTimingCacheMiss: Disabled
[01/26/2026-00:05:13] [I] Preview Features: Use default preview flags.
[01/26/2026-00:05:13] [I] MaxAuxStreams: -1
[01/26/2026-00:05:13] [I] BuilderOptimizationLevel: -1
[01/26/2026-00:05:13] [I] Calibration Profile Index: 0
[01/26/2026-00:05:13] [I] Weight Streaming: Disabled
[01/26/2026-00:05:13] [I] Runtime Platform: Same As Build
[01/26/2026-00:05:13] [I] Debug Tensors: 
[01/26/2026-00:05:13] [I] Input(s)s format: fp32:CHW
[01/26/2026-00:05:13] [I] Output(s)s format: fp32:CHW
[01/26/2026-00:05:13] [I] Input build shapes: model
[01/26/2026-00:05:13] [I] Input calibration shapes: model
[01/26/2026-00:05:13] [I] === System Options ===
[01/26/2026-00:05:13] [I] Device: 0
[01/26/2026-00:05:13] [I] DLACore: 
[01/26/2026-00:05:13] [I] Plugins:
[01/26/2026-00:05:13] [I] setPluginsToSerialize:
[01/26/2026-00:05:13] [I] dynamicPlugins:
[01/26/2026-00:05:13] [I] ignoreParsedPluginLibs: 0
[01/26/2026-00:05:13] [I] 
[01/26/2026-00:05:13] [I] === Inference Options ===
[01/26/2026-00:05:13] [I] Batch: Explicit
[01/26/2026-00:05:13] [I] Input inference shapes: model
[01/26/2026-00:05:13] [I] Iterations: 10
[01/26/2026-00:05:13] [I] Duration: 3s (+ 200ms warm up)
[01/26/2026-00:05:13] [I] Sleep time: 0ms
[01/26/2026-00:05:13] [I] Idle time: 0ms
[01/26/2026-00:05:13] [I] Inference Streams: 1
[01/26/2026-00:05:13] [I] ExposeDMA: Disabled
[01/26/2026-00:05:13] [I] Data transfers: Enabled
[01/26/2026-00:05:13] [I] Spin-wait: Disabled
[01/26/2026-00:05:13] [I] Multithreading: Disabled
[01/26/2026-00:05:13] [I] CUDA Graph: Disabled
[01/26/2026-00:05:13] [I] Separate profiling: Disabled
[01/26/2026-00:05:13] [I] Time Deserialize: Disabled
[01/26/2026-00:05:13] [I] Time Refit: Disabled
[01/26/2026-00:05:13] [I] NVTX verbosity: 0
[01/26/2026-00:05:13] [I] Persistent Cache Ratio: 0
[01/26/2026-00:05:13] [I] Optimization Profile Index: 0
[01/26/2026-00:05:13] [I] Weight Streaming Budget: 100.000000%
[01/26/2026-00:05:13] [I] Inputs:
[01/26/2026-00:05:13] [I] Debug Tensor Save Destinations:
[01/26/2026-00:05:13] [I] === Reporting Options ===
[01/26/2026-00:05:13] [I] Verbose: Disabled
[01/26/2026-00:05:13] [I] Averages: 10 inferences
[01/26/2026-00:05:13] [I] Percentiles: 90,95,99
[01/26/2026-00:05:13] [I] Dump refittable layers:Disabled
[01/26/2026-00:05:13] [I] Dump output: Disabled
[01/26/2026-00:05:13] [I] Profile: Enabled
[01/26/2026-00:05:13] [I] Export timing to JSON file: 
[01/26/2026-00:05:13] [I] Export output to JSON file: 
[01/26/2026-00:05:13] [I] Export profile to JSON file: 
[01/26/2026-00:05:13] [I] 
[01/26/2026-00:05:13] [I] === Device Information ===
[01/26/2026-00:05:13] [I] Available Devices: 
[01/26/2026-00:05:13] [I]   Device 0: "Orin" UUID: GPU-aa9e0019-b8b3-5100-b325-b3afd7311bcc
[01/26/2026-00:05:13] [I] Selected Device: Orin
[01/26/2026-00:05:13] [I] Selected Device ID: 0
[01/26/2026-00:05:13] [I] Selected Device UUID: GPU-aa9e0019-b8b3-5100-b325-b3afd7311bcc
[01/26/2026-00:05:13] [I] Compute Capability: 8.7
[01/26/2026-00:05:13] [I] SMs: 8
[01/26/2026-00:05:13] [I] Device Global Memory: 7619 MiB
[01/26/2026-00:05:13] [I] Shared Memory per SM: 164 KiB
[01/26/2026-00:05:13] [I] Memory Bus Width: 128 bits (ECC disabled)
[01/26/2026-00:05:13] [I] Application Compute Clock Rate: 1.02 GHz
[01/26/2026-00:05:13] [I] Application Memory Clock Rate: 1.02 GHz
[01/26/2026-00:05:13] [I] 
[01/26/2026-00:05:13] [I] Note: The application clock rates do not reflect the actual clock rates that the GPU is currently running at.
[01/26/2026-00:05:13] [I] 
[01/26/2026-00:05:13] [I] TensorRT version: 10.3.0
[01/26/2026-00:05:13] [I] Loading standard plugins
[01/26/2026-00:05:13] [I] [TRT] [MemUsageChange] Init CUDA: CPU +2, GPU +0, now: CPU 31, GPU 3911 (MiB)
[01/26/2026-00:05:15] [I] [TRT] [MemUsageChange] Init builder kernel library: CPU +928, GPU +743, now: CPU 1002, GPU 4699 (MiB)
[01/26/2026-00:05:15] [I] Start parsing network model.
[01/26/2026-00:05:15] [I] [TRT] ----------------------------------------------------------------
[01/26/2026-00:05:15] [I] [TRT] Input filename:   yolov8n.onnx
[01/26/2026-00:05:15] [I] [TRT] ONNX IR version:  0.0.7
[01/26/2026-00:05:15] [I] [TRT] Opset version:    13
[01/26/2026-00:05:15] [I] [TRT] Producer name:    pytorch
[01/26/2026-00:05:15] [I] [TRT] Producer version: 2.9.1
[01/26/2026-00:05:15] [I] [TRT] Domain:           
[01/26/2026-00:05:15] [I] [TRT] Model version:    0
[01/26/2026-00:05:15] [I] [TRT] Doc string:       
[01/26/2026-00:05:15] [I] [TRT] ----------------------------------------------------------------
[01/26/2026-00:05:15] [I] Finished parsing network model. Parse time: 0.0370434
[01/26/2026-00:05:15] [I] [TRT] Local timing cache in use. Profiling results in this builder pass will not be stored.
[01/26/2026-00:12:37] [I] [TRT] Detected 1 inputs and 3 output network tensors.
[01/26/2026-00:12:42] [I] [TRT] Total Host Persistent Memory: 387536
[01/26/2026-00:12:42] [I] [TRT] Total Device Persistent Memory: 0
[01/26/2026-00:12:42] [I] [TRT] Total Scratch Memory: 0
[01/26/2026-00:12:42] [I] [TRT] [BlockAssignment] Started assigning block shifts. This will take 130 steps to complete.
[01/26/2026-00:12:42] [I] [TRT] [BlockAssignment] Algorithm ShiftNTopDown took 12.9847ms to assign 9 blocks to 130 nodes requiring 9729536 bytes.
[01/26/2026-00:12:42] [I] [TRT] Total Activation Memory: 9728000
[01/26/2026-00:12:42] [I] [TRT] Total Weights Memory: 6430368
[01/26/2026-00:12:42] [I] [TRT] Engine generation completed in 446.658 seconds.
[01/26/2026-00:12:42] [I] [TRT] [MemUsageStats] Peak memory usage of TRT CPU/GPU memory allocators: CPU 0 MiB, GPU 168 MiB
[01/26/2026-00:12:42] [I] [TRT] [MemUsageStats] Peak memory usage during Engine building and serialization: CPU: 1810 MiB
[01/26/2026-00:12:42] [I] Engine built in 446.787 sec.
[01/26/2026-00:12:42] [I] Created engine with size: 8.87258 MiB
[01/26/2026-00:12:42] [I] [TRT] Loaded engine size: 8 MiB
[01/26/2026-00:12:43] [I] Engine deserialized in 0.0502152 sec.
[01/26/2026-00:12:43] [I] [TRT] [MemUsageChange] TensorRT-managed allocation in IExecutionContext creation: CPU +0, GPU +9, now: CPU 0, GPU 15 (MiB)
[01/26/2026-00:12:43] [I] Setting persistentCacheLimit to 0 bytes.
[01/26/2026-00:12:43] [I] Created execution context with device memory size: 9.27734 MiB
[01/26/2026-00:12:43] [I] Using random values for input images
[01/26/2026-00:12:43] [I] Input binding for images with dimensions 1x3x640x640 is created.
[01/26/2026-00:12:43] [I] Output binding for output0 with dimensions 1x84x8400 is created.
[01/26/2026-00:12:43] [I] Starting inference
[01/26/2026-00:12:46] [I] The e2e network timing is not reported since it is inaccurate due to the extra synchronizations when the profiler is enabled.
[01/26/2026-00:12:46] [I] To show e2e network timing report, add --separateProfileRun to profile layer timing in a separate run or remove --dumpProfile to disable the profiler.
[01/26/2026-00:12:46] [I] 
[01/26/2026-00:12:46] [I] === Profile (734 iterations ) ===
[01/26/2026-00:12:46] [I]    Time(ms)     Avg.(ms)   Median(ms)   Time(%)   Layer
[01/26/2026-00:12:46] [I]       80.81       0.1101       0.1037       2.7   Reformatting CopyNode for Input Tensor 0 to /model.0/conv/Conv
[01/26/2026-00:12:46] [I]       74.36       0.1013       0.0958       2.5   /model.0/conv/Conv
[01/26/2026-00:12:46] [I]       59.41       0.0809       0.0761       2.0   PWN(PWN(/model.0/act/Sigmoid), PWN(/model.0/act/Mul))
[01/26/2026-00:12:46] [I]       77.22       0.1052       0.1023       2.6   /model.1/conv/Conv + PWN(PWN(/model.1/act/Sigmoid), PWN(/model.1/act/Mul))
[01/26/2026-00:12:46] [I]       38.12       0.0519       0.0497       1.3   /model.2/cv1/conv/Conv + PWN(PWN(/model.2/cv1/act/Sigmoid), PWN(/model.2/cv1/act/Mul))
[01/26/2026-00:12:46] [I]       35.59       0.0485       0.0462       1.2   Reformatting CopyNode for Output Tensor 0 to /model.2/cv1/conv/Conv + PWN(PWN(/model.2/cv1/act/Sigmoid), PWN(/model.2/cv1/act/Mul))
[01/26/2026-00:12:46] [I]       18.17       0.0248       0.0242       0.6   /model.2/Split_1
[01/26/2026-00:12:46] [I]       51.83       0.0706       0.0693       1.7   /model.2/m.0/cv1/conv/Conv + PWN(PWN(/model.2/m.0/cv1/act/Sigmoid), PWN(/model.2/m.0/cv1/act/Mul))
[01/26/2026-00:12:46] [I]       65.29       0.0889       0.0872       2.2   /model.2/m.0/cv2/conv/Conv + PWN(PWN(PWN(/model.2/m.0/cv2/act/Sigmoid), PWN(/model.2/m.0/cv2/act/Mul)), PWN(/model.2/m.0/Add))
[01/26/2026-00:12:46] [I]       18.23       0.0248       0.0235       0.6   /model.2/Split_output_0 copy
[01/26/2026-00:12:46] [I]       34.14       0.0465       0.0452       1.2   /model.2/Split_output_1 copy
[01/26/2026-00:12:46] [I]       33.48       0.0456       0.0444       1.1   /model.2/m.0/Add_output_0 copy
[01/26/2026-00:12:46] [I]       47.29       0.0644       0.0610       1.6   Reformatting CopyNode for Input Tensor 0 to /model.2/cv2/conv/Conv + PWN(PWN(/model.2/cv2/act/Sigmoid), PWN(/model.2/cv2/act/Mul))
[01/26/2026-00:12:46] [I]       46.75       0.0637       0.0609       1.6   /model.2/cv2/conv/Conv + PWN(PWN(/model.2/cv2/act/Sigmoid), PWN(/model.2/cv2/act/Mul))
[01/26/2026-00:12:46] [I]       44.21       0.0602       0.0584       1.5   /model.3/conv/Conv + PWN(PWN(/model.3/act/Sigmoid), PWN(/model.3/act/Mul))
[01/26/2026-00:12:46] [I]       24.83       0.0338       0.0332       0.8   /model.4/cv1/conv/Conv + PWN(PWN(/model.4/cv1/act/Sigmoid), PWN(/model.4/cv1/act/Mul))
[01/26/2026-00:12:46] [I]       13.98       0.0190       0.0187       0.5   /model.4/Split_4
[01/26/2026-00:12:46] [I]       27.71       0.0378       0.0371       0.9   /model.4/m.0/cv1/conv/Conv + PWN(PWN(/model.4/m.0/cv1/act/Sigmoid), PWN(/model.4/m.0/cv1/act/Mul))
[01/26/2026-00:12:46] [I]       28.51       0.0388       0.0382       1.0   /model.4/m.0/cv2/conv/Conv + PWN(PWN(PWN(/model.4/m.0/cv2/act/Sigmoid), PWN(/model.4/m.0/cv2/act/Mul)), PWN(/model.4/m.0/Add))
[01/26/2026-00:12:46] [I]       26.51       0.0361       0.0356       0.9   /model.4/m.1/cv1/conv/Conv + PWN(PWN(/model.4/m.1/cv1/act/Sigmoid), PWN(/model.4/m.1/cv1/act/Mul))
[01/26/2026-00:12:46] [I]       27.29       0.0372       0.0366       0.9   /model.4/m.1/cv2/conv/Conv + PWN(PWN(PWN(/model.4/m.1/cv2/act/Sigmoid), PWN(/model.4/m.1/cv2/act/Mul)), PWN(/model.4/m.1/Add))
[01/26/2026-00:12:46] [I]       15.71       0.0214       0.0207       0.5   /model.4/Split_output_0 copy
[01/26/2026-00:12:46] [I]       14.79       0.0202       0.0196       0.5   /model.4/Split_output_1 copy
[01/26/2026-00:12:46] [I]       15.50       0.0211       0.0204       0.5   /model.4/m.0/Add_output_0 copy
[01/26/2026-00:12:46] [I]       14.51       0.0198       0.0191       0.5   /model.4/m.1/Add_output_0 copy
[01/26/2026-00:12:46] [I]       35.14       0.0479       0.0464       1.2   /model.4/cv2/conv/Conv + PWN(PWN(/model.4/cv2/act/Sigmoid), PWN(/model.4/cv2/act/Mul))
[01/26/2026-00:12:46] [I]       30.29       0.0413       0.0405       1.0   /model.5/conv/Conv + PWN(PWN(/model.5/act/Sigmoid), PWN(/model.5/act/Mul))
[01/26/2026-00:12:46] [I]       17.02       0.0232       0.0227       0.6   /model.6/cv1/conv/Conv + PWN(PWN(/model.6/cv1/act/Sigmoid), PWN(/model.6/cv1/act/Mul))
[01/26/2026-00:12:46] [I]        9.17       0.0125       0.0122       0.3   /model.6/Split_7
[01/26/2026-00:12:46] [I]       19.82       0.0270       0.0265       0.7   /model.6/m.0/cv1/conv/Conv + PWN(PWN(/model.6/m.0/cv1/act/Sigmoid), PWN(/model.6/m.0/cv1/act/Mul))
[01/26/2026-00:12:46] [I]       20.91       0.0285       0.0280       0.7   /model.6/m.0/cv2/conv/Conv + PWN(PWN(PWN(/model.6/m.0/cv2/act/Sigmoid), PWN(/model.6/m.0/cv2/act/Mul)), PWN(/model.6/m.0/Add))
[01/26/2026-00:12:46] [I]       19.28       0.0263       0.0258       0.7   /model.6/m.1/cv1/conv/Conv + PWN(PWN(/model.6/m.1/cv1/act/Sigmoid), PWN(/model.6/m.1/cv1/act/Mul))
[01/26/2026-00:12:46] [I]       19.45       0.0265       0.0260       0.7   /model.6/m.1/cv2/conv/Conv + PWN(PWN(PWN(/model.6/m.1/cv2/act/Sigmoid), PWN(/model.6/m.1/cv2/act/Mul)), PWN(/model.6/m.1/Add))
[01/26/2026-00:12:46] [I]        8.62       0.0117       0.0115       0.3   /model.6/Split_output_0 copy
[01/26/2026-00:12:46] [I]        8.44       0.0115       0.0112       0.3   /model.6/Split_output_1 copy
[01/26/2026-00:12:46] [I]        8.26       0.0112       0.0110       0.3   /model.6/m.0/Add_output_0 copy
[01/26/2026-00:12:46] [I]        8.46       0.0115       0.0113       0.3   /model.6/m.1/Add_output_0 copy
[01/26/2026-00:12:46] [I]       21.80       0.0297       0.0291       0.7   /model.6/cv2/conv/Conv + PWN(PWN(/model.6/cv2/act/Sigmoid), PWN(/model.6/cv2/act/Mul))
[01/26/2026-00:12:46] [I]       29.71       0.0405       0.0397       1.0   /model.7/conv/Conv + PWN(PWN(/model.7/act/Sigmoid), PWN(/model.7/act/Mul))
[01/26/2026-00:12:46] [I]       15.80       0.0215       0.0211       0.5   /model.8/cv1/conv/Conv + PWN(PWN(/model.8/cv1/act/Sigmoid), PWN(/model.8/cv1/act/Mul))
[01/26/2026-00:12:46] [I]        7.58       0.0103       0.0101       0.3   /model.8/Split_10
[01/26/2026-00:12:46] [I]       20.99       0.0286       0.0279       0.7   /model.8/m.0/cv1/conv/Conv + PWN(PWN(/model.8/m.0/cv1/act/Sigmoid), PWN(/model.8/m.0/cv1/act/Mul))
[01/26/2026-00:12:46] [I]       20.25       0.0276       0.0270       0.7   /model.8/m.0/cv2/conv/Conv + PWN(PWN(PWN(/model.8/m.0/cv2/act/Sigmoid), PWN(/model.8/m.0/cv2/act/Mul)), PWN(/model.8/m.0/Add))
[01/26/2026-00:12:46] [I]        7.18       0.0098       0.0096       0.2   /model.8/Split_output_0 copy
[01/26/2026-00:12:46] [I]        6.70       0.0091       0.0090       0.2   /model.8/Split_output_1 copy
[01/26/2026-00:12:46] [I]        6.78       0.0092       0.0091       0.2   /model.8/m.0/Add_output_0 copy
[01/26/2026-00:12:46] [I]       18.61       0.0254       0.0248       0.6   /model.8/cv2/conv/Conv + PWN(PWN(/model.8/cv2/act/Sigmoid), PWN(/model.8/cv2/act/Mul))
[01/26/2026-00:12:46] [I]       12.47       0.0170       0.0166       0.4   /model.9/cv1/conv/Conv + PWN(PWN(/model.9/cv1/act/Sigmoid), PWN(/model.9/cv1/act/Mul))
[01/26/2026-00:12:46] [I]       12.38       0.0169       0.0166       0.4   /model.9/m/MaxPool
[01/26/2026-00:12:46] [I]       11.92       0.0162       0.0159       0.4   /model.9/m_1/MaxPool
[01/26/2026-00:12:46] [I]       11.92       0.0162       0.0159       0.4   /model.9/m_2/MaxPool
[01/26/2026-00:12:46] [I]        7.16       0.0098       0.0096       0.2   /model.9/cv1/act/Mul_output_0 copy
[01/26/2026-00:12:46] [I]        6.76       0.0092       0.0091       0.2   /model.9/m/MaxPool_output_0 copy
[01/26/2026-00:12:46] [I]        6.77       0.0092       0.0091       0.2   /model.9/m_1/MaxPool_output_0 copy
[01/26/2026-00:12:46] [I]       18.13       0.0247       0.0242       0.6   /model.9/cv2/conv/Conv + PWN(PWN(/model.9/cv2/act/Sigmoid), PWN(/model.9/cv2/act/Mul))
[01/26/2026-00:12:46] [I]       10.07       0.0137       0.0134       0.3   /model.10/Resize
[01/26/2026-00:12:46] [I]       17.45       0.0238       0.0233       0.6   /model.10/Resize_output_0 copy
[01/26/2026-00:12:46] [I]       25.44       0.0347       0.0339       0.9   /model.12/cv1/conv/Conv + PWN(PWN(/model.12/cv1/act/Sigmoid), PWN(/model.12/cv1/act/Mul))
[01/26/2026-00:12:46] [I]       19.99       0.0272       0.0268       0.7   /model.12/m.0/cv1/conv/Conv + PWN(PWN(/model.12/m.0/cv1/act/Sigmoid), PWN(/model.12/m.0/cv1/act/Mul))
[01/26/2026-00:12:46] [I]       19.50       0.0266       0.0261       0.7   /model.12/m.0/cv2/conv/Conv + PWN(PWN(/model.12/m.0/cv2/act/Sigmoid), PWN(/model.12/m.0/cv2/act/Mul))
[01/26/2026-00:12:46] [I]        8.32       0.0113       0.0111       0.3   /model.12/Split_output_0 copy
[01/26/2026-00:12:46] [I]        8.33       0.0113       0.0111       0.3   /model.12/Split_output_1 copy
[01/26/2026-00:12:46] [I]       18.18       0.0248       0.0243       0.6   /model.12/cv2/conv/Conv + PWN(PWN(/model.12/cv2/act/Sigmoid), PWN(/model.12/cv2/act/Mul))
[01/26/2026-00:12:46] [I]       19.81       0.0270       0.0223       0.7   /model.13/Resize
[01/26/2026-00:12:46] [I]       45.84       0.0625       0.0486       1.5   /model.13/Resize_output_0 copy
[01/26/2026-00:12:46] [I]       51.55       0.0702       0.0579       1.7   /model.15/cv1/conv/Conv + PWN(PWN(/model.15/cv1/act/Sigmoid), PWN(/model.15/cv1/act/Mul))
[01/26/2026-00:12:46] [I]       28.62       0.0390       0.0382       1.0   /model.15/m.0/cv1/conv/Conv + PWN(PWN(/model.15/m.0/cv1/act/Sigmoid), PWN(/model.15/m.0/cv1/act/Mul))
[01/26/2026-00:12:46] [I]       27.18       0.0370       0.0364       0.9   /model.15/m.0/cv2/conv/Conv + PWN(PWN(/model.15/m.0/cv2/act/Sigmoid), PWN(/model.15/m.0/cv2/act/Mul))
[01/26/2026-00:12:46] [I]       13.69       0.0186       0.0182       0.5   /model.15/Split_output_0 copy
[01/26/2026-00:12:46] [I]       13.05       0.0178       0.0173       0.4   /model.15/Split_output_1 copy
[01/26/2026-00:12:46] [I]       27.92       0.0380       0.0371       0.9   /model.15/cv2/conv/Conv + PWN(PWN(/model.15/cv2/act/Sigmoid), PWN(/model.15/cv2/act/Mul))
[01/26/2026-00:12:46] [I]       20.06       0.0273       0.0268       0.7   /model.16/conv/Conv + PWN(PWN(/model.16/act/Sigmoid), PWN(/model.16/act/Mul))
[01/26/2026-00:12:46] [I]       15.81       0.0215       0.0208       0.5   /model.12/cv2/act/Mul_output_0 copy
[01/26/2026-00:12:46] [I]       17.08       0.0233       0.0228       0.6   /model.18/cv1/conv/Conv + PWN(PWN(/model.18/cv1/act/Sigmoid), PWN(/model.18/cv1/act/Mul))
[01/26/2026-00:12:46] [I]       19.69       0.0268       0.0264       0.7   /model.18/m.0/cv1/conv/Conv + PWN(PWN(/model.18/m.0/cv1/act/Sigmoid), PWN(/model.18/m.0/cv1/act/Mul))
[01/26/2026-00:12:46] [I]       19.20       0.0262       0.0258       0.6   /model.18/m.0/cv2/conv/Conv + PWN(PWN(/model.18/m.0/cv2/act/Sigmoid), PWN(/model.18/m.0/cv2/act/Mul))
[01/26/2026-00:12:46] [I]        8.35       0.0114       0.0111       0.3   /model.18/Split_output_0 copy
[01/26/2026-00:12:46] [I]        8.32       0.0113       0.0112       0.3   /model.18/Split_output_1 copy
[01/26/2026-00:12:46] [I]       17.11       0.0233       0.0229       0.6   /model.18/cv2/conv/Conv + PWN(PWN(/model.18/cv2/act/Sigmoid), PWN(/model.18/cv2/act/Mul))
[01/26/2026-00:12:46] [I]       21.49       0.0293       0.0286       0.7   /model.19/conv/Conv + PWN(PWN(/model.19/act/Sigmoid), PWN(/model.19/act/Mul))
[01/26/2026-00:12:46] [I]       10.73       0.0146       0.0142       0.4   /model.9/cv2/act/Mul_output_0 copy
[01/26/2026-00:12:46] [I]       18.75       0.0256       0.0250       0.6   /model.21/cv1/conv/Conv + PWN(PWN(/model.21/cv1/act/Sigmoid), PWN(/model.21/cv1/act/Mul))
[01/26/2026-00:12:46] [I]       20.06       0.0273       0.0268       0.7   /model.21/m.0/cv1/conv/Conv + PWN(PWN(/model.21/m.0/cv1/act/Sigmoid), PWN(/model.21/m.0/cv1/act/Mul))
[01/26/2026-00:12:46] [I]       19.53       0.0266       0.0261       0.7   /model.21/m.0/cv2/conv/Conv + PWN(PWN(/model.21/m.0/cv2/act/Sigmoid), PWN(/model.21/m.0/cv2/act/Mul))
[01/26/2026-00:12:46] [I]        7.03       0.0096       0.0093       0.2   /model.21/Split_output_0 copy
[01/26/2026-00:12:46] [I]        6.71       0.0091       0.0090       0.2   /model.21/Split_output_1 copy
[01/26/2026-00:12:46] [I]       16.41       0.0224       0.0219       0.6   /model.21/cv2/conv/Conv + PWN(PWN(/model.21/cv2/act/Sigmoid), PWN(/model.21/cv2/act/Mul))
[01/26/2026-00:12:46] [I]       38.46       0.0524       0.0514       1.3   /model.22/cv2.2/cv2.2.0/conv/Conv || /model.22/cv3.2/cv3.2.0/conv/Conv
[01/26/2026-00:12:46] [I]        5.16       0.0070       0.0068       0.2   PWN(PWN(/model.22/cv2.2/cv2.2.0/act/Sigmoid), PWN(/model.22/cv2.2/cv2.2.0/act/Mul))
[01/26/2026-00:12:46] [I]       13.08       0.0178       0.0174       0.4   /model.22/cv2.2/cv2.2.1/conv/Conv + PWN(PWN(/model.22/cv2.2/cv2.2.1/act/Sigmoid), PWN(/model.22/cv2.2/cv2.2.1/act/Mul))
[01/26/2026-00:12:46] [I]        8.00       0.0109       0.0106       0.3   /model.22/cv2.2/cv2.2.2/Conv
[01/26/2026-00:12:46] [I]        5.13       0.0070       0.0068       0.2   Reformatting CopyNode for Input Tensor 0 to /model.22/Reshape_2
[01/26/2026-00:12:46] [I]        5.04       0.0069       0.0068       0.2   /model.22/Reshape_2_copy_output
[01/26/2026-00:12:46] [I]        5.02       0.0068       0.0067       0.2   PWN(PWN(/model.22/cv3.2/cv3.2.0/act/Sigmoid), PWN(/model.22/cv3.2/cv3.2.0/act/Mul))
[01/26/2026-00:12:46] [I]       17.74       0.0242       0.0237       0.6   /model.22/cv3.2/cv3.2.1/conv/Conv + PWN(PWN(/model.22/cv3.2/cv3.2.1/act/Sigmoid), PWN(/model.22/cv3.2/cv3.2.1/act/Mul))
[01/26/2026-00:12:46] [I]        8.77       0.0119       0.0117       0.3   /model.22/cv3.2/cv3.2.2/Conv
[01/26/2026-00:12:46] [I]        5.39       0.0073       0.0072       0.2   Reformatting CopyNode for Input Tensor 0 to /model.22/Reshape_5
[01/26/2026-00:12:46] [I]        5.71       0.0078       0.0076       0.2   /model.22/Reshape_5_copy_output
[01/26/2026-00:12:46] [I]       66.42       0.0905       0.0889       2.2   /model.22/cv2.1/cv2.1.0/conv/Conv || /model.22/cv3.1/cv3.1.0/conv/Conv
[01/26/2026-00:12:46] [I]        7.22       0.0098       0.0096       0.2   PWN(PWN(/model.22/cv2.1/cv2.1.0/act/Sigmoid), PWN(/model.22/cv2.1/cv2.1.0/act/Mul))
[01/26/2026-00:12:46] [I]       20.16       0.0275       0.0270       0.7   /model.22/cv2.1/cv2.1.1/conv/Conv + PWN(PWN(/model.22/cv2.1/cv2.1.1/act/Sigmoid), PWN(/model.22/cv2.1/cv2.1.1/act/Mul))
[01/26/2026-00:12:46] [I]        9.60       0.0131       0.0128       0.3   /model.22/cv2.1/cv2.1.2/Conv
[01/26/2026-00:12:46] [I]        8.24       0.0112       0.0110       0.3   Reformatting CopyNode for Input Tensor 0 to /model.22/Reshape_1
[01/26/2026-00:12:46] [I]        6.34       0.0086       0.0084       0.2   /model.22/Reshape_1_copy_output
[01/26/2026-00:12:46] [I]        9.25       0.0126       0.0113       0.3   PWN(PWN(/model.22/cv3.1/cv3.1.0/act/Sigmoid), PWN(/model.22/cv3.1/cv3.1.0/act/Mul))
[01/26/2026-00:12:46] [I]       36.86       0.0502       0.0493       1.2   /model.22/cv3.1/cv3.1.1/conv/Conv + PWN(PWN(/model.22/cv3.1/cv3.1.1/act/Sigmoid), PWN(/model.22/cv3.1/cv3.1.1/act/Mul))
[01/26/2026-00:12:46] [I]       12.39       0.0169       0.0165       0.4   /model.22/cv3.1/cv3.1.2/Conv
[01/26/2026-00:12:46] [I]        7.84       0.0107       0.0105       0.3   Reformatting CopyNode for Input Tensor 0 to /model.22/Reshape_4
[01/26/2026-00:12:46] [I]        9.29       0.0127       0.0123       0.3   /model.22/Reshape_4_copy_output
[01/26/2026-00:12:46] [I]      116.79       0.1591       0.1565       3.9   /model.22/cv2.0/cv2.0.0/conv/Conv || /model.22/cv3.0/cv3.0.0/conv/Conv
[01/26/2026-00:12:46] [I]       21.05       0.0287       0.0277       0.7   PWN(PWN(/model.22/cv2.0/cv2.0.0/act/Sigmoid), PWN(/model.22/cv2.0/cv2.0.0/act/Mul))
[01/26/2026-00:12:46] [I]       55.09       0.0751       0.0738       1.9   /model.22/cv2.0/cv2.0.1/conv/Conv + PWN(PWN(/model.22/cv2.0/cv2.0.1/act/Sigmoid), PWN(/model.22/cv2.0/cv2.0.1/act/Mul))
[01/26/2026-00:12:46] [I]       18.25       0.0249       0.0243       0.6   /model.22/cv2.0/cv2.0.2/Conv
[01/26/2026-00:12:46] [I]       18.76       0.0256       0.0251       0.6   Reformatting CopyNode for Input Tensor 0 to /model.22/Reshape
[01/26/2026-00:12:46] [I]       13.46       0.0183       0.0177       0.5   /model.22/Reshape_copy_output
[01/26/2026-00:12:46] [I]       52.56       0.0716       0.0702       1.8   /model.22/dfl/Reshape + /model.22/dfl/Transpose
[01/26/2026-00:12:46] [I]       27.61       0.0376       0.0369       0.9   /model.22/dfl/Softmax
[01/26/2026-00:12:46] [I]       27.42       0.0374       0.0366       0.9   Reformatting CopyNode for Input Tensor 0 to /model.22/dfl/conv/Conv
[01/26/2026-00:12:46] [I]       20.09       0.0274       0.0252       0.7   /model.22/dfl/conv/Conv
[01/26/2026-00:12:46] [I]        8.95       0.0122       0.0119       0.3   Reformatting CopyNode for Input Tensor 0 to /model.22/dfl/Reshape_1
[01/26/2026-00:12:46] [I]        6.02       0.0082       0.0079       0.2   PWN(/model.22/Sub)
[01/26/2026-00:12:46] [I]        5.43       0.0074       0.0072       0.2   PWN(/model.22/Add_1)
[01/26/2026-00:12:46] [I]        5.05       0.0069       0.0067       0.2   PWN(/model.22/Sub_1)
[01/26/2026-00:12:46] [I]        5.48       0.0075       0.0073       0.2   PWN(PWN(/model.22/Add_2), PWN(/model.22/Constant_14_output_0 + ONNXTRT_Broadcast, PWN(/model.22/Div_1)))
[01/26/2026-00:12:46] [I]        4.90       0.0067       0.0065       0.2   /model.22/Div_1_output_0 copy
[01/26/2026-00:12:46] [I]        6.31       0.0086       0.0084       0.2   PWN(/model.22/Mul_2)
[01/26/2026-00:12:46] [I]       25.85       0.0352       0.0340       0.9   PWN(PWN(/model.22/cv3.0/cv3.0.0/act/Sigmoid), PWN(/model.22/cv3.0/cv3.0.0/act/Mul))
[01/26/2026-00:12:46] [I]      102.43       0.1396       0.1375       3.5   /model.22/cv3.0/cv3.0.1/conv/Conv + PWN(PWN(/model.22/cv3.0/cv3.0.1/act/Sigmoid), PWN(/model.22/cv3.0/cv3.0.1/act/Mul))
[01/26/2026-00:12:46] [I]       28.75       0.0392       0.0386       1.0   /model.22/cv3.0/cv3.0.2/Conv
[01/26/2026-00:12:46] [I]       17.26       0.0235       0.0231       0.6   Reformatting CopyNode for Input Tensor 0 to /model.22/Reshape_3
[01/26/2026-00:12:46] [I]       31.03       0.0423       0.0403       1.0   /model.22/Reshape_3_copy_output
[01/26/2026-00:12:46] [I]       50.82       0.0692       0.0656       1.7   PWN(/model.22/Sigmoid)
[01/26/2026-00:12:46] [I]     2963.78       4.0378       3.8989     100.0   Total
[01/26/2026-00:12:46] [I] 
&&&& PASSED TensorRT.trtexec [TensorRT v100300] # trtexec --onnx=yolov8n.onnx --saveEngine=yolov8n_fp16.plan --fp16 --dumpProfile
