&&&& RUNNING TensorRT.trtexec [TensorRT v100300] # trtexec --onnx=yolov8n.onnx --saveEngine=yolov8n_fp32.plan --dumpProfile
[01/26/2026-00:01:56] [I] === Model Options ===
[01/26/2026-00:01:56] [I] Format: ONNX
[01/26/2026-00:01:56] [I] Model: yolov8n.onnx
[01/26/2026-00:01:56] [I] Output:
[01/26/2026-00:01:56] [I] === Build Options ===
[01/26/2026-00:01:56] [I] Memory Pools: workspace: default, dlaSRAM: default, dlaLocalDRAM: default, dlaGlobalDRAM: default, tacticSharedMem: default
[01/26/2026-00:01:56] [I] avgTiming: 8
[01/26/2026-00:01:56] [I] Precision: FP32
[01/26/2026-00:01:56] [I] LayerPrecisions: 
[01/26/2026-00:01:56] [I] Layer Device Types: 
[01/26/2026-00:01:56] [I] Calibration: 
[01/26/2026-00:01:56] [I] Refit: Disabled
[01/26/2026-00:01:56] [I] Strip weights: Disabled
[01/26/2026-00:01:56] [I] Version Compatible: Disabled
[01/26/2026-00:01:56] [I] ONNX Plugin InstanceNorm: Disabled
[01/26/2026-00:01:56] [I] TensorRT runtime: full
[01/26/2026-00:01:56] [I] Lean DLL Path: 
[01/26/2026-00:01:56] [I] Tempfile Controls: { in_memory: allow, temporary: allow }
[01/26/2026-00:01:56] [I] Exclude Lean Runtime: Disabled
[01/26/2026-00:01:56] [I] Sparsity: Disabled
[01/26/2026-00:01:56] [I] Safe mode: Disabled
[01/26/2026-00:01:56] [I] Build DLA standalone loadable: Disabled
[01/26/2026-00:01:56] [I] Allow GPU fallback for DLA: Disabled
[01/26/2026-00:01:56] [I] DirectIO mode: Disabled
[01/26/2026-00:01:56] [I] Restricted mode: Disabled
[01/26/2026-00:01:56] [I] Skip inference: Disabled
[01/26/2026-00:01:56] [I] Save engine: yolov8n_fp32.plan
[01/26/2026-00:01:56] [I] Load engine: 
[01/26/2026-00:01:56] [I] Profiling verbosity: 0
[01/26/2026-00:01:56] [I] Tactic sources: Using default tactic sources
[01/26/2026-00:01:56] [I] timingCacheMode: local
[01/26/2026-00:01:56] [I] timingCacheFile: 
[01/26/2026-00:01:56] [I] Enable Compilation Cache: Enabled
[01/26/2026-00:01:56] [I] errorOnTimingCacheMiss: Disabled
[01/26/2026-00:01:56] [I] Preview Features: Use default preview flags.
[01/26/2026-00:01:56] [I] MaxAuxStreams: -1
[01/26/2026-00:01:56] [I] BuilderOptimizationLevel: -1
[01/26/2026-00:01:56] [I] Calibration Profile Index: 0
[01/26/2026-00:01:56] [I] Weight Streaming: Disabled
[01/26/2026-00:01:56] [I] Runtime Platform: Same As Build
[01/26/2026-00:01:56] [I] Debug Tensors: 
[01/26/2026-00:01:56] [I] Input(s)s format: fp32:CHW
[01/26/2026-00:01:56] [I] Output(s)s format: fp32:CHW
[01/26/2026-00:01:56] [I] Input build shapes: model
[01/26/2026-00:01:56] [I] Input calibration shapes: model
[01/26/2026-00:01:56] [I] === System Options ===
[01/26/2026-00:01:56] [I] Device: 0
[01/26/2026-00:01:56] [I] DLACore: 
[01/26/2026-00:01:56] [I] Plugins:
[01/26/2026-00:01:56] [I] setPluginsToSerialize:
[01/26/2026-00:01:56] [I] dynamicPlugins:
[01/26/2026-00:01:56] [I] ignoreParsedPluginLibs: 0
[01/26/2026-00:01:56] [I] 
[01/26/2026-00:01:56] [I] === Inference Options ===
[01/26/2026-00:01:56] [I] Batch: Explicit
[01/26/2026-00:01:56] [I] Input inference shapes: model
[01/26/2026-00:01:56] [I] Iterations: 10
[01/26/2026-00:01:56] [I] Duration: 3s (+ 200ms warm up)
[01/26/2026-00:01:56] [I] Sleep time: 0ms
[01/26/2026-00:01:56] [I] Idle time: 0ms
[01/26/2026-00:01:56] [I] Inference Streams: 1
[01/26/2026-00:01:56] [I] ExposeDMA: Disabled
[01/26/2026-00:01:56] [I] Data transfers: Enabled
[01/26/2026-00:01:56] [I] Spin-wait: Disabled
[01/26/2026-00:01:56] [I] Multithreading: Disabled
[01/26/2026-00:01:56] [I] CUDA Graph: Disabled
[01/26/2026-00:01:56] [I] Separate profiling: Disabled
[01/26/2026-00:01:56] [I] Time Deserialize: Disabled
[01/26/2026-00:01:56] [I] Time Refit: Disabled
[01/26/2026-00:01:56] [I] NVTX verbosity: 0
[01/26/2026-00:01:56] [I] Persistent Cache Ratio: 0
[01/26/2026-00:01:56] [I] Optimization Profile Index: 0
[01/26/2026-00:01:56] [I] Weight Streaming Budget: 100.000000%
[01/26/2026-00:01:56] [I] Inputs:
[01/26/2026-00:01:56] [I] Debug Tensor Save Destinations:
[01/26/2026-00:01:56] [I] === Reporting Options ===
[01/26/2026-00:01:56] [I] Verbose: Disabled
[01/26/2026-00:01:56] [I] Averages: 10 inferences
[01/26/2026-00:01:56] [I] Percentiles: 90,95,99
[01/26/2026-00:01:56] [I] Dump refittable layers:Disabled
[01/26/2026-00:01:56] [I] Dump output: Disabled
[01/26/2026-00:01:56] [I] Profile: Enabled
[01/26/2026-00:01:56] [I] Export timing to JSON file: 
[01/26/2026-00:01:56] [I] Export output to JSON file: 
[01/26/2026-00:01:56] [I] Export profile to JSON file: 
[01/26/2026-00:01:56] [I] 
[01/26/2026-00:01:56] [I] === Device Information ===
[01/26/2026-00:01:56] [I] Available Devices: 
[01/26/2026-00:01:56] [I]   Device 0: "Orin" UUID: GPU-aa9e0019-b8b3-5100-b325-b3afd7311bcc
[01/26/2026-00:01:56] [I] Selected Device: Orin
[01/26/2026-00:01:56] [I] Selected Device ID: 0
[01/26/2026-00:01:56] [I] Selected Device UUID: GPU-aa9e0019-b8b3-5100-b325-b3afd7311bcc
[01/26/2026-00:01:56] [I] Compute Capability: 8.7
[01/26/2026-00:01:56] [I] SMs: 8
[01/26/2026-00:01:56] [I] Device Global Memory: 7619 MiB
[01/26/2026-00:01:56] [I] Shared Memory per SM: 164 KiB
[01/26/2026-00:01:56] [I] Memory Bus Width: 128 bits (ECC disabled)
[01/26/2026-00:01:56] [I] Application Compute Clock Rate: 1.02 GHz
[01/26/2026-00:01:56] [I] Application Memory Clock Rate: 1.02 GHz
[01/26/2026-00:01:56] [I] 
[01/26/2026-00:01:56] [I] Note: The application clock rates do not reflect the actual clock rates that the GPU is currently running at.
[01/26/2026-00:01:56] [I] 
[01/26/2026-00:01:56] [I] TensorRT version: 10.3.0
[01/26/2026-00:01:56] [I] Loading standard plugins
[01/26/2026-00:01:56] [I] [TRT] [MemUsageChange] Init CUDA: CPU +2, GPU +0, now: CPU 31, GPU 3874 (MiB)
[01/26/2026-00:01:58] [I] [TRT] [MemUsageChange] Init builder kernel library: CPU +928, GPU +751, now: CPU 1002, GPU 4669 (MiB)
[01/26/2026-00:01:58] [I] Start parsing network model.
[01/26/2026-00:01:58] [I] [TRT] ----------------------------------------------------------------
[01/26/2026-00:01:58] [I] [TRT] Input filename:   yolov8n.onnx
[01/26/2026-00:01:58] [I] [TRT] ONNX IR version:  0.0.7
[01/26/2026-00:01:58] [I] [TRT] Opset version:    13
[01/26/2026-00:01:58] [I] [TRT] Producer name:    pytorch
[01/26/2026-00:01:58] [I] [TRT] Producer version: 2.9.1
[01/26/2026-00:01:58] [I] [TRT] Domain:           
[01/26/2026-00:01:58] [I] [TRT] Model version:    0
[01/26/2026-00:01:58] [I] [TRT] Doc string:       
[01/26/2026-00:01:58] [I] [TRT] ----------------------------------------------------------------
[01/26/2026-00:01:58] [I] Finished parsing network model. Parse time: 0.0343511
[01/26/2026-00:01:58] [I] [TRT] Local timing cache in use. Profiling results in this builder pass will not be stored.
[01/26/2026-00:05:07] [I] [TRT] Detected 1 inputs and 3 output network tensors.
[01/26/2026-00:05:09] [I] [TRT] Total Host Persistent Memory: 384144
[01/26/2026-00:05:09] [I] [TRT] Total Device Persistent Memory: 0
[01/26/2026-00:05:09] [I] [TRT] Total Scratch Memory: 0
[01/26/2026-00:05:09] [I] [TRT] [BlockAssignment] Started assigning block shifts. This will take 195 steps to complete.
[01/26/2026-00:05:09] [I] [TRT] [BlockAssignment] Algorithm ShiftNTopDown took 19.3927ms to assign 9 blocks to 195 nodes requiring 20071424 bytes.
[01/26/2026-00:05:09] [I] [TRT] Total Activation Memory: 20070400
[01/26/2026-00:05:09] [I] [TRT] Total Weights Memory: 12727312
[01/26/2026-00:05:09] [I] [TRT] Engine generation completed in 190.643 seconds.
[01/26/2026-00:05:09] [I] [TRT] [MemUsageStats] Peak memory usage of TRT CPU/GPU memory allocators: CPU 1 MiB, GPU 168 MiB
[01/26/2026-00:05:09] [I] [TRT] [MemUsageStats] Peak memory usage during Engine building and serialization: CPU: 1620 MiB
[01/26/2026-00:05:09] [I] Engine built in 190.766 sec.
[01/26/2026-00:05:09] [I] Created engine with size: 13.9527 MiB
[01/26/2026-00:05:10] [I] [TRT] Loaded engine size: 13 MiB
[01/26/2026-00:05:10] [I] Engine deserialized in 0.0503573 sec.
[01/26/2026-00:05:10] [I] [TRT] [MemUsageChange] TensorRT-managed allocation in IExecutionContext creation: CPU +0, GPU +19, now: CPU 0, GPU 31 (MiB)
[01/26/2026-00:05:10] [I] Setting persistentCacheLimit to 0 bytes.
[01/26/2026-00:05:10] [I] Created execution context with device memory size: 19.1406 MiB
[01/26/2026-00:05:10] [I] Using random values for input images
[01/26/2026-00:05:10] [I] Input binding for images with dimensions 1x3x640x640 is created.
[01/26/2026-00:05:10] [I] Output binding for output0 with dimensions 1x84x8400 is created.
[01/26/2026-00:05:10] [I] Starting inference
[01/26/2026-00:05:13] [I] The e2e network timing is not reported since it is inaccurate due to the extra synchronizations when the profiler is enabled.
[01/26/2026-00:05:13] [I] To show e2e network timing report, add --separateProfileRun to profile layer timing in a separate run or remove --dumpProfile to disable the profiler.
[01/26/2026-00:05:13] [I] 
[01/26/2026-00:05:13] [I] === Profile (393 iterations ) ===
[01/26/2026-00:05:13] [I]    Time(ms)     Avg.(ms)   Median(ms)   Time(%)   Layer
[01/26/2026-00:05:13] [I]       68.80       0.1751       0.1661       2.2   Reformatting CopyNode for Input Tensor 0 to /model.0/conv/Conv
[01/26/2026-00:05:13] [I]       70.41       0.1792       0.1681       2.3   /model.0/conv/Conv
[01/26/2026-00:05:13] [I]       62.28       0.1585       0.1453       2.0   PWN(PWN(/model.0/act/Sigmoid), PWN(/model.0/act/Mul))
[01/26/2026-00:05:13] [I]       68.63       0.1746       0.1646       2.2   /model.1/conv/Conv
[01/26/2026-00:05:13] [I]       33.16       0.0844       0.0779       1.1   PWN(PWN(/model.1/act/Sigmoid), PWN(/model.1/act/Mul))
[01/26/2026-00:05:13] [I]       65.93       0.1678       0.1624       2.1   /model.2/cv1/conv/Conv
[01/26/2026-00:05:13] [I]       32.44       0.0825       0.0762       1.1   PWN(PWN(/model.2/cv1/act/Sigmoid), PWN(/model.2/cv1/act/Mul))
[01/26/2026-00:05:13] [I]       19.86       0.0505       0.0483       0.6   Reformatting CopyNode for Input Tensor 0 to /model.2/m.0/cv1/conv/Conv
[01/26/2026-00:05:13] [I]       36.97       0.0941       0.0904       1.2   /model.2/m.0/cv1/conv/Conv
[01/26/2026-00:05:13] [I]       17.18       0.0437       0.0404       0.6   PWN(PWN(/model.2/m.0/cv1/act/Sigmoid), PWN(/model.2/m.0/cv1/act/Mul))
[01/26/2026-00:05:13] [I]       37.31       0.0949       0.0911       1.2   /model.2/m.0/cv2/conv/Conv
[01/26/2026-00:05:13] [I]       21.64       0.0551       0.0520       0.7   Reformatting CopyNode for Input Tensor 1 to PWN(PWN(PWN(/model.2/m.0/cv2/act/Sigmoid), PWN(/model.2/m.0/cv2/act/Mul)), PWN(/model.2/m.0/Add))
[01/26/2026-00:05:13] [I]       25.44       0.0647       0.0600       0.8   PWN(PWN(PWN(/model.2/m.0/cv2/act/Sigmoid), PWN(/model.2/m.0/cv2/act/Mul)), PWN(/model.2/m.0/Add))
[01/26/2026-00:05:13] [I]       20.61       0.0524       0.0501       0.7   /model.2/Split_output_0 copy
[01/26/2026-00:05:13] [I]       20.91       0.0532       0.0508       0.7   /model.2/Split_output_1 copy
[01/26/2026-00:05:13] [I]       42.34       0.1077       0.0991       1.4   /model.2/cv2/conv/Conv
[01/26/2026-00:05:13] [I]       33.37       0.0849       0.0761       1.1   PWN(PWN(/model.2/cv2/act/Sigmoid), PWN(/model.2/cv2/act/Mul))
[01/26/2026-00:05:13] [I]       43.41       0.1105       0.1063       1.4   /model.3/conv/Conv
[01/26/2026-00:05:13] [I]       17.33       0.0441       0.0412       0.6   PWN(PWN(/model.3/act/Sigmoid), PWN(/model.3/act/Mul))
[01/26/2026-00:05:13] [I]       24.16       0.0615       0.0588       0.8   /model.4/cv1/conv/Conv
[01/26/2026-00:05:13] [I]       15.77       0.0401       0.0373       0.5   PWN(PWN(/model.4/cv1/act/Sigmoid), PWN(/model.4/cv1/act/Mul))
[01/26/2026-00:05:13] [I]        7.42       0.0189       0.0184       0.2   Reformatting CopyNode for Input Tensor 0 to /model.4/m.0/cv1/conv/Conv
[01/26/2026-00:05:13] [I]       29.80       0.0758       0.0731       1.0   /model.4/m.0/cv1/conv/Conv
[01/26/2026-00:05:13] [I]        6.41       0.0163       0.0158       0.2   PWN(PWN(/model.4/m.0/cv1/act/Sigmoid), PWN(/model.4/m.0/cv1/act/Mul))
[01/26/2026-00:05:13] [I]       31.11       0.0792       0.0719       1.0   /model.4/m.0/cv2/conv/Conv
[01/26/2026-00:05:13] [I]        6.65       0.0169       0.0164       0.2   Reformatting CopyNode for Input Tensor 0 to PWN(PWN(PWN(/model.4/m.0/cv2/act/Sigmoid), PWN(/model.4/m.0/cv2/act/Mul)), PWN(/model.4/m.0/Add))
[01/26/2026-00:05:13] [I]       15.86       0.0404       0.0270       0.5   PWN(PWN(PWN(/model.4/m.0/cv2/act/Sigmoid), PWN(/model.4/m.0/cv2/act/Mul)), PWN(/model.4/m.0/Add))
[01/26/2026-00:05:13] [I]       10.70       0.0272       0.0205       0.3   Reformatting CopyNode for Input Tensor 0 to /model.4/m.1/cv1/conv/Conv
[01/26/2026-00:05:13] [I]       29.44       0.0749       0.0722       1.0   /model.4/m.1/cv1/conv/Conv
[01/26/2026-00:05:13] [I]        6.24       0.0159       0.0153       0.2   PWN(PWN(/model.4/m.1/cv1/act/Sigmoid), PWN(/model.4/m.1/cv1/act/Mul))
[01/26/2026-00:05:13] [I]       29.47       0.0750       0.0722       1.0   /model.4/m.1/cv2/conv/Conv
[01/26/2026-00:05:13] [I]        6.41       0.0163       0.0159       0.2   Reformatting CopyNode for Input Tensor 0 to PWN(PWN(PWN(/model.4/m.1/cv2/act/Sigmoid), PWN(/model.4/m.1/cv2/act/Mul)), PWN(/model.4/m.1/Add))
[01/26/2026-00:05:13] [I]       11.25       0.0286       0.0268       0.4   PWN(PWN(PWN(/model.4/m.1/cv2/act/Sigmoid), PWN(/model.4/m.1/cv2/act/Mul)), PWN(/model.4/m.1/Add))
[01/26/2026-00:05:13] [I]        8.41       0.0214       0.0205       0.3   Reformatting CopyNode for Output Tensor 0 to PWN(PWN(PWN(/model.4/m.1/cv2/act/Sigmoid), PWN(/model.4/m.1/cv2/act/Mul)), PWN(/model.4/m.1/Add))
[01/26/2026-00:05:13] [I]       11.69       0.0297       0.0281       0.4   /model.4/Split_output_0 copy
[01/26/2026-00:05:13] [I]       11.69       0.0297       0.0280       0.4   /model.4/Split_output_1 copy
[01/26/2026-00:05:13] [I]       11.49       0.0292       0.0277       0.4   /model.4/m.0/Add_output_0 copy
[01/26/2026-00:05:13] [I]       50.95       0.1296       0.1255       1.7   /model.4/cv2/conv/Conv
[01/26/2026-00:05:13] [I]       16.99       0.0432       0.0400       0.6   PWN(PWN(/model.4/cv2/act/Sigmoid), PWN(/model.4/cv2/act/Mul))
[01/26/2026-00:05:13] [I]       23.89       0.0608       0.0591       0.8   /model.5/conv/Conv
[01/26/2026-00:05:13] [I]        6.46       0.0164       0.0159       0.2   PWN(PWN(/model.5/act/Sigmoid), PWN(/model.5/act/Mul))
[01/26/2026-00:05:13] [I]       11.96       0.0304       0.0291       0.4   /model.6/cv1/conv/Conv
[01/26/2026-00:05:13] [I]        6.27       0.0160       0.0154       0.2   PWN(PWN(/model.6/cv1/act/Sigmoid), PWN(/model.6/cv1/act/Mul))
[01/26/2026-00:05:13] [I]       17.51       0.0446       0.0432       0.6   /model.6/m.0/cv1/conv/Conv
[01/26/2026-00:05:13] [I]        4.49       0.0114       0.0110       0.1   PWN(PWN(/model.6/m.0/cv1/act/Sigmoid), PWN(/model.6/m.0/cv1/act/Mul))
[01/26/2026-00:05:13] [I]       16.36       0.0416       0.0405       0.5   /model.6/m.0/cv2/conv/Conv
[01/26/2026-00:05:13] [I]        5.22       0.0133       0.0129       0.2   PWN(PWN(PWN(/model.6/m.0/cv2/act/Sigmoid), PWN(/model.6/m.0/cv2/act/Mul)), PWN(/model.6/m.0/Add))
[01/26/2026-00:05:13] [I]       15.72       0.0400       0.0390       0.5   /model.6/m.1/cv1/conv/Conv
[01/26/2026-00:05:13] [I]        4.11       0.0105       0.0101       0.1   PWN(PWN(/model.6/m.1/cv1/act/Sigmoid), PWN(/model.6/m.1/cv1/act/Mul))
[01/26/2026-00:05:13] [I]       16.10       0.0410       0.0397       0.5   /model.6/m.1/cv2/conv/Conv
[01/26/2026-00:05:13] [I]        4.78       0.0122       0.0117       0.2   PWN(PWN(PWN(/model.6/m.1/cv2/act/Sigmoid), PWN(/model.6/m.1/cv2/act/Mul)), PWN(/model.6/m.1/Add))
[01/26/2026-00:05:13] [I]        4.56       0.0116       0.0112       0.1   Reformatting CopyNode for Output Tensor 0 to PWN(PWN(PWN(/model.6/m.1/cv2/act/Sigmoid), PWN(/model.6/m.1/cv2/act/Mul)), PWN(/model.6/m.1/Add))
[01/26/2026-00:05:13] [I]        6.65       0.0169       0.0159       0.2   /model.6/Split_output_0 copy
[01/26/2026-00:05:13] [I]        6.40       0.0163       0.0154       0.2   /model.6/Split_output_1 copy
[01/26/2026-00:05:13] [I]        6.76       0.0172       0.0163       0.2   /model.6/m.0/Add_output_0 copy
[01/26/2026-00:05:13] [I]       27.65       0.0703       0.0681       0.9   /model.6/cv2/conv/Conv
[01/26/2026-00:05:13] [I]        6.58       0.0167       0.0163       0.2   PWN(PWN(/model.6/cv2/act/Sigmoid), PWN(/model.6/cv2/act/Mul))
[01/26/2026-00:05:13] [I]        7.21       0.0183       0.0176       0.2   Reformatting CopyNode for Output Tensor 0 to PWN(PWN(/model.6/cv2/act/Sigmoid), PWN(/model.6/cv2/act/Mul))
[01/26/2026-00:05:13] [I]       23.93       0.0609       0.0592       0.8   /model.7/conv/Conv
[01/26/2026-00:05:13] [I]        4.59       0.0117       0.0114       0.1   PWN(PWN(/model.7/act/Sigmoid), PWN(/model.7/act/Mul))
[01/26/2026-00:05:13] [I]        9.90       0.0252       0.0244       0.3   /model.8/cv1/conv/Conv
[01/26/2026-00:05:13] [I]        4.18       0.0106       0.0103       0.1   PWN(PWN(/model.8/cv1/act/Sigmoid), PWN(/model.8/cv1/act/Mul))
[01/26/2026-00:05:13] [I]       16.76       0.0426       0.0416       0.5   /model.8/m.0/cv1/conv/Conv
[01/26/2026-00:05:13] [I]        3.34       0.0085       0.0082       0.1   PWN(PWN(/model.8/m.0/cv1/act/Sigmoid), PWN(/model.8/m.0/cv1/act/Mul))
[01/26/2026-00:05:13] [I]       16.41       0.0418       0.0407       0.5   /model.8/m.0/cv2/conv/Conv
[01/26/2026-00:05:13] [I]        4.44       0.0113       0.0109       0.1   PWN(PWN(PWN(/model.8/m.0/cv2/act/Sigmoid), PWN(/model.8/m.0/cv2/act/Mul)), PWN(/model.8/m.0/Add))
[01/26/2026-00:05:13] [I]        6.26       0.0159       0.0154       0.2   /model.8/Split_output_0 copy
[01/26/2026-00:05:13] [I]        5.90       0.0150       0.0146       0.2   /model.8/Split_output_1 copy
[01/26/2026-00:05:13] [I]       14.17       0.0361       0.0310       0.5   /model.8/cv2/conv/Conv
[01/26/2026-00:05:13] [I]        4.24       0.0108       0.0105       0.1   PWN(PWN(/model.8/cv2/act/Sigmoid), PWN(/model.8/cv2/act/Mul))
[01/26/2026-00:05:13] [I]        7.66       0.0195       0.0189       0.2   /model.9/cv1/conv/Conv
[01/26/2026-00:05:13] [I]        3.35       0.0085       0.0082       0.1   PWN(PWN(/model.9/cv1/act/Sigmoid), PWN(/model.9/cv1/act/Mul))
[01/26/2026-00:05:13] [I]       11.03       0.0281       0.0274       0.4   /model.9/m/MaxPool
[01/26/2026-00:05:13] [I]       10.95       0.0279       0.0272       0.4   /model.9/m_1/MaxPool
[01/26/2026-00:05:13] [I]       10.77       0.0274       0.0268       0.3   /model.9/m_2/MaxPool
[01/26/2026-00:05:13] [I]        5.28       0.0134       0.0130       0.2   /model.9/cv1/act/Mul_output_0 copy
[01/26/2026-00:05:13] [I]        5.69       0.0145       0.0140       0.2   /model.9/m/MaxPool_output_0 copy
[01/26/2026-00:05:13] [I]        5.63       0.0143       0.0139       0.2   /model.9/m_1/MaxPool_output_0 copy
[01/26/2026-00:05:13] [I]       15.16       0.0386       0.0374       0.5   /model.9/cv2/conv/Conv
[01/26/2026-00:05:13] [I]        4.59       0.0117       0.0113       0.1   PWN(PWN(/model.9/cv2/act/Sigmoid), PWN(/model.9/cv2/act/Mul))
[01/26/2026-00:05:13] [I]       13.56       0.0345       0.0335       0.4   /model.10/Resize
[01/26/2026-00:05:13] [I]       16.18       0.0412       0.0384       0.5   /model.10/Resize_output_0 copy
[01/26/2026-00:05:13] [I]       20.02       0.0509       0.0483       0.6   /model.12/cv1/conv/Conv
[01/26/2026-00:05:13] [I]        6.35       0.0162       0.0156       0.2   PWN(PWN(/model.12/cv1/act/Sigmoid), PWN(/model.12/cv1/act/Mul))
[01/26/2026-00:05:13] [I]       17.56       0.0447       0.0438       0.6   /model.12/m.0/cv1/conv/Conv
[01/26/2026-00:05:13] [I]        4.33       0.0110       0.0106       0.1   PWN(PWN(/model.12/m.0/cv1/act/Sigmoid), PWN(/model.12/m.0/cv1/act/Mul))
[01/26/2026-00:05:13] [I]       17.37       0.0442       0.0431       0.6   /model.12/m.0/cv2/conv/Conv
[01/26/2026-00:05:13] [I]        4.36       0.0111       0.0108       0.1   PWN(PWN(/model.12/m.0/cv2/act/Sigmoid), PWN(/model.12/m.0/cv2/act/Mul))
[01/26/2026-00:05:13] [I]        7.20       0.0183       0.0172       0.2   /model.12/Split_output_0 copy
[01/26/2026-00:05:13] [I]        6.33       0.0161       0.0153       0.2   /model.12/Split_output_1 copy
[01/26/2026-00:05:13] [I]       15.75       0.0401       0.0391       0.5   /model.12/cv2/conv/Conv
[01/26/2026-00:05:13] [I]        6.13       0.0156       0.0151       0.2   PWN(PWN(/model.12/cv2/act/Sigmoid), PWN(/model.12/cv2/act/Mul))
[01/26/2026-00:05:13] [I]       36.04       0.0917       0.0879       1.2   /model.13/Resize
[01/26/2026-00:05:13] [I]       33.53       0.0853       0.0793       1.1   /model.13/Resize_output_0 copy
[01/26/2026-00:05:13] [I]       42.34       0.1077       0.0977       1.4   /model.15/cv1/conv/Conv
[01/26/2026-00:05:13] [I]       20.16       0.0513       0.0382       0.7   PWN(PWN(/model.15/cv1/act/Sigmoid), PWN(/model.15/cv1/act/Mul))
[01/26/2026-00:05:13] [I]        8.40       0.0214       0.0181       0.3   Reformatting CopyNode for Input Tensor 0 to /model.15/m.0/cv1/conv/Conv
[01/26/2026-00:05:13] [I]       29.72       0.0756       0.0732       1.0   /model.15/m.0/cv1/conv/Conv
[01/26/2026-00:05:13] [I]        6.44       0.0164       0.0159       0.2   PWN(PWN(/model.15/m.0/cv1/act/Sigmoid), PWN(/model.15/m.0/cv1/act/Mul))
[01/26/2026-00:05:13] [I]       29.13       0.0741       0.0718       0.9   /model.15/m.0/cv2/conv/Conv
[01/26/2026-00:05:13] [I]        6.61       0.0168       0.0164       0.2   PWN(PWN(/model.15/m.0/cv2/act/Sigmoid), PWN(/model.15/m.0/cv2/act/Mul))
[01/26/2026-00:05:13] [I]       12.19       0.0310       0.0293       0.4   /model.15/Split_output_0 copy
[01/26/2026-00:05:13] [I]       11.86       0.0302       0.0285       0.4   /model.15/Split_output_1 copy
[01/26/2026-00:05:13] [I]       24.77       0.0630       0.0606       0.8   /model.15/cv2/conv/Conv
[01/26/2026-00:05:13] [I]       16.65       0.0424       0.0396       0.5   PWN(PWN(/model.15/cv2/act/Sigmoid), PWN(/model.15/cv2/act/Mul))
[01/26/2026-00:05:13] [I]       23.10       0.0588       0.0572       0.7   /model.16/conv/Conv
[01/26/2026-00:05:13] [I]      135.36       0.3444       0.3374       4.4   /model.22/cv2.0/cv2.0.0/conv/Conv || /model.22/cv3.0/cv3.0.0/conv/Conv
[01/26/2026-00:05:13] [I]        6.43       0.0164       0.0154       0.2   PWN(PWN(/model.16/act/Sigmoid), PWN(/model.16/act/Mul))
[01/26/2026-00:05:13] [I]        5.01       0.0127       0.0124       0.2   Reformatting CopyNode for Output Tensor 0 to PWN(PWN(/model.16/act/Sigmoid), PWN(/model.16/act/Mul))
[01/26/2026-00:05:13] [I]       18.38       0.0468       0.0437       0.6   PWN(PWN(/model.22/cv2.0/cv2.0.0/act/Sigmoid), PWN(/model.22/cv2.0/cv2.0.0/act/Mul))
[01/26/2026-00:05:13] [I]       20.69       0.0526       0.0487       0.7   PWN(PWN(/model.22/cv3.0/cv3.0.0/act/Sigmoid), PWN(/model.22/cv3.0/cv3.0.0/act/Mul))
[01/26/2026-00:05:13] [I]       10.50       0.0267       0.0251       0.3   /model.12/cv2/act/Mul_output_0 copy
[01/26/2026-00:05:13] [I]       69.53       0.1769       0.1603       2.3   /model.22/cv2.0/cv2.0.1/conv/Conv
[01/26/2026-00:05:13] [I]       95.98       0.2442       0.2396       3.1   /model.22/cv3.0/cv3.0.1/conv/Conv
[01/26/2026-00:05:13] [I]       15.50       0.0394       0.0376       0.5   /model.18/cv1/conv/Conv
[01/26/2026-00:05:13] [I]       17.83       0.0454       0.0422       0.6   PWN(PWN(/model.22/cv2.0/cv2.0.1/act/Sigmoid), PWN(/model.22/cv2.0/cv2.0.1/act/Mul))
[01/26/2026-00:05:13] [I]       20.61       0.0525       0.0485       0.7   PWN(PWN(/model.22/cv3.0/cv3.0.1/act/Sigmoid), PWN(/model.22/cv3.0/cv3.0.1/act/Mul))
[01/26/2026-00:05:13] [I]       10.24       0.0260       0.0243       0.3   PWN(PWN(/model.18/cv1/act/Sigmoid), PWN(/model.18/cv1/act/Mul))
[01/26/2026-00:05:13] [I]       27.22       0.0693       0.0667       0.9   /model.22/cv2.0/cv2.0.2/Conv
[01/26/2026-00:05:13] [I]       34.39       0.0875       0.0844       1.1   /model.22/cv3.0/cv3.0.2/Conv
[01/26/2026-00:05:13] [I]       17.29       0.0440       0.0408       0.6   /model.22/Reshape_copy_output
[01/26/2026-00:05:13] [I]       20.76       0.0528       0.0489       0.7   /model.22/Reshape_3_copy_output
[01/26/2026-00:05:13] [I]        6.97       0.0177       0.0168       0.2   Reformatting CopyNode for Input Tensor 0 to /model.18/m.0/cv1/conv/Conv
[01/26/2026-00:05:13] [I]       16.84       0.0428       0.0420       0.5   /model.18/m.0/cv1/conv/Conv
[01/26/2026-00:05:13] [I]        4.28       0.0109       0.0106       0.1   PWN(PWN(/model.18/m.0/cv1/act/Sigmoid), PWN(/model.18/m.0/cv1/act/Mul))
[01/26/2026-00:05:13] [I]       16.01       0.0407       0.0397       0.5   /model.18/m.0/cv2/conv/Conv
[01/26/2026-00:05:13] [I]        4.37       0.0111       0.0108       0.1   PWN(PWN(/model.18/m.0/cv2/act/Sigmoid), PWN(/model.18/m.0/cv2/act/Mul))
[01/26/2026-00:05:13] [I]        6.64       0.0169       0.0160       0.2   /model.18/Split_output_0 copy
[01/26/2026-00:05:13] [I]        6.71       0.0171       0.0162       0.2   /model.18/Split_output_1 copy
[01/26/2026-00:05:13] [I]       12.52       0.0319       0.0309       0.4   /model.18/cv2/conv/Conv
[01/26/2026-00:05:13] [I]        6.38       0.0162       0.0158       0.2   PWN(PWN(/model.18/cv2/act/Sigmoid), PWN(/model.18/cv2/act/Mul))
[01/26/2026-00:05:13] [I]       17.80       0.0453       0.0444       0.6   /model.19/conv/Conv
[01/26/2026-00:05:13] [I]       82.50       0.2099       0.1860       2.7   /model.22/cv2.1/cv2.1.0/conv/Conv || /model.22/cv3.1/cv3.1.0/conv/Conv
[01/26/2026-00:05:13] [I]        9.14       0.0233       0.0220       0.3   Reformatting CopyNode for Output Tensor 0 to /model.22/cv2.1/cv2.1.0/conv/Conv || /model.22/cv3.1/cv3.1.0/conv/Conv
[01/26/2026-00:05:13] [I]        4.50       0.0114       0.0109       0.1   PWN(PWN(/model.19/act/Sigmoid), PWN(/model.19/act/Mul))
[01/26/2026-00:05:13] [I]        4.73       0.0120       0.0117       0.2   PWN(PWN(/model.22/cv2.1/cv2.1.0/act/Sigmoid), PWN(/model.22/cv2.1/cv2.1.0/act/Mul))
[01/26/2026-00:05:13] [I]        5.56       0.0141       0.0137       0.2   PWN(PWN(/model.22/cv3.1/cv3.1.0/act/Sigmoid), PWN(/model.22/cv3.1/cv3.1.0/act/Mul))
[01/26/2026-00:05:13] [I]        6.69       0.0170       0.0160       0.2   /model.9/cv2/act/Mul_output_0 copy
[01/26/2026-00:05:13] [I]       18.01       0.0458       0.0447       0.6   /model.22/cv2.1/cv2.1.1/conv/Conv
[01/26/2026-00:05:13] [I]       29.20       0.0743       0.0728       0.9   /model.22/cv3.1/cv3.1.1/conv/Conv
[01/26/2026-00:05:13] [I]       13.65       0.0347       0.0334       0.4   /model.21/cv1/conv/Conv
[01/26/2026-00:05:13] [I]        6.20       0.0158       0.0150       0.2   PWN(PWN(/model.22/cv2.1/cv2.1.1/act/Sigmoid), PWN(/model.22/cv2.1/cv2.1.1/act/Mul))
[01/26/2026-00:05:13] [I]        7.24       0.0184       0.0173       0.2   PWN(PWN(/model.22/cv3.1/cv3.1.1/act/Sigmoid), PWN(/model.22/cv3.1/cv3.1.1/act/Mul))
[01/26/2026-00:05:13] [I]        6.00       0.0153       0.0144       0.2   PWN(PWN(/model.21/cv1/act/Sigmoid), PWN(/model.21/cv1/act/Mul))
[01/26/2026-00:05:13] [I]        8.30       0.0211       0.0204       0.3   /model.22/cv2.1/cv2.1.2/Conv
[01/26/2026-00:05:13] [I]        9.44       0.0240       0.0233       0.3   /model.22/cv3.1/cv3.1.2/Conv
[01/26/2026-00:05:13] [I]        5.25       0.0134       0.0129       0.2   /model.22/Reshape_1_copy_output
[01/26/2026-00:05:13] [I]        5.16       0.0131       0.0127       0.2   /model.22/Reshape_4_copy_output
[01/26/2026-00:05:13] [I]        5.00       0.0127       0.0120       0.2   Reformatting CopyNode for Input Tensor 0 to /model.21/m.0/cv1/conv/Conv
[01/26/2026-00:05:13] [I]       17.16       0.0437       0.0428       0.6   /model.21/m.0/cv1/conv/Conv
[01/26/2026-00:05:13] [I]        3.35       0.0085       0.0082       0.1   PWN(PWN(/model.21/m.0/cv1/act/Sigmoid), PWN(/model.21/m.0/cv1/act/Mul))
[01/26/2026-00:05:13] [I]       16.58       0.0422       0.0414       0.5   /model.21/m.0/cv2/conv/Conv
[01/26/2026-00:05:13] [I]        3.42       0.0087       0.0084       0.1   PWN(PWN(/model.21/m.0/cv2/act/Sigmoid), PWN(/model.21/m.0/cv2/act/Mul))
[01/26/2026-00:05:13] [I]        4.28       0.0109       0.0104       0.1   /model.21/Split_output_0 copy
[01/26/2026-00:05:13] [I]        4.32       0.0110       0.0105       0.1   /model.21/Split_output_1 copy
[01/26/2026-00:05:13] [I]       12.37       0.0315       0.0308       0.4   /model.21/cv2/conv/Conv
[01/26/2026-00:05:13] [I]        4.36       0.0111       0.0108       0.1   PWN(PWN(/model.21/cv2/act/Sigmoid), PWN(/model.21/cv2/act/Mul))
[01/26/2026-00:05:13] [I]       43.43       0.1105       0.0968       1.4   /model.22/cv2.2/cv2.2.0/conv/Conv || /model.22/cv3.2/cv3.2.0/conv/Conv
[01/26/2026-00:05:13] [I]        3.92       0.0100       0.0096       0.1   Reformatting CopyNode for Output Tensor 0 to /model.22/cv2.2/cv2.2.0/conv/Conv || /model.22/cv3.2/cv3.2.0/conv/Conv
[01/26/2026-00:05:13] [I]        3.09       0.0079       0.0076       0.1   PWN(PWN(/model.22/cv2.2/cv2.2.0/act/Sigmoid), PWN(/model.22/cv2.2/cv2.2.0/act/Mul))
[01/26/2026-00:05:13] [I]        2.80       0.0071       0.0068       0.1   PWN(PWN(/model.22/cv3.2/cv3.2.0/act/Sigmoid), PWN(/model.22/cv3.2/cv3.2.0/act/Mul))
[01/26/2026-00:05:13] [I]        9.49       0.0241       0.0236       0.3   /model.22/cv2.2/cv2.2.1/conv/Conv
[01/26/2026-00:05:13] [I]       13.61       0.0346       0.0339       0.4   /model.22/cv3.2/cv3.2.1/conv/Conv
[01/26/2026-00:05:13] [I]        2.81       0.0071       0.0070       0.1   PWN(PWN(/model.22/cv2.2/cv2.2.1/act/Sigmoid), PWN(/model.22/cv2.2/cv2.2.1/act/Mul))
[01/26/2026-00:05:13] [I]        2.89       0.0073       0.0071       0.1   PWN(PWN(/model.22/cv3.2/cv3.2.1/act/Sigmoid), PWN(/model.22/cv3.2/cv3.2.1/act/Mul))
[01/26/2026-00:05:13] [I]        5.24       0.0133       0.0130       0.2   /model.22/cv2.2/cv2.2.2/Conv
[01/26/2026-00:05:13] [I]        6.53       0.0166       0.0162       0.2   /model.22/cv3.2/cv3.2.2/Conv
[01/26/2026-00:05:13] [I]        2.99       0.0076       0.0074       0.1   /model.22/Reshape_2_copy_output
[01/26/2026-00:05:13] [I]        2.91       0.0074       0.0071       0.1   /model.22/Reshape_5_copy_output
[01/26/2026-00:05:13] [I]       32.93       0.0838       0.0808       1.1   /model.22/dfl/Reshape + /model.22/dfl/Transpose
[01/26/2026-00:05:13] [I]       26.68       0.0679       0.0627       0.9   PWN(/model.22/Sigmoid)
[01/26/2026-00:05:13] [I]       28.36       0.0722       0.0690       0.9   /model.22/dfl/Softmax
[01/26/2026-00:05:13] [I]       25.87       0.0658       0.0628       0.8   Reformatting CopyNode for Output Tensor 0 to /model.22/dfl/Softmax
[01/26/2026-00:05:13] [I]       17.90       0.0455       0.0433       0.6   /model.22/dfl/conv/Conv
[01/26/2026-00:05:13] [I]        4.43       0.0113       0.0109       0.1   Reformatting CopyNode for Input Tensor 0 to /model.22/dfl/Reshape_1
[01/26/2026-00:05:13] [I]        3.34       0.0085       0.0083       0.1   PWN(/model.22/Sub)
[01/26/2026-00:05:13] [I]        2.74       0.0070       0.0066       0.1   PWN(/model.22/Add_1)
[01/26/2026-00:05:13] [I]        2.76       0.0070       0.0068       0.1   PWN(/model.22/Sub_1)
[01/26/2026-00:05:13] [I]        2.86       0.0073       0.0071       0.1   PWN(PWN(/model.22/Add_2), PWN(/model.22/Constant_14_output_0 + ONNXTRT_Broadcast, PWN(/model.22/Div_1)))
[01/26/2026-00:05:13] [I]        2.72       0.0069       0.0066       0.1   /model.22/Div_1_output_0 copy
[01/26/2026-00:05:13] [I]        3.33       0.0085       0.0082       0.1   PWN(/model.22/Mul_2)
[01/26/2026-00:05:13] [I]        2.64       0.0067       0.0066       0.1   /model.22/Mul_2_output_0 copy
[01/26/2026-00:05:13] [I]     3081.83       7.8418       7.4166     100.0   Total
[01/26/2026-00:05:13] [I] 
&&&& PASSED TensorRT.trtexec [TensorRT v100300] # trtexec --onnx=yolov8n.onnx --saveEngine=yolov8n_fp32.plan --dumpProfile
